<?xml version="1.0" encoding="UTF-8"?>
<testsuite xmlns:xsi="http://www.w3.org/2001/XMLSchema-instance" xsi:noNamespaceSchemaLocation="https://maven.apache.org/surefire/maven-surefire-plugin/xsd/surefire-test-report.xsd" version="3.0.2" name="ec.uea.spgb.CalculadoraMultaTest" time="0.067" tests="1" errors="0" skipped="0" failures="0" flakes="0">
  <properties>
[...]
</properties>
  <testcase name="CP_U01_calcula_multa_por_tres_dias_de_atraso" classname="ec.uea.spgb.CalculadoraMultaTest" time="0.038"/>
</testsuite>